trainable params: 1,001,472 || all params: 152,278,785 || trainable%: 0.6577
Trainable parameters: 1,001,472
Total parameters: 152,278,785
Train dataset
---------------
{'turtle': -1, 'debris': -2, 'sea': -3, 'dolphin': -4}
turtle:  14429
debris:  544
sea:  3755
dolphine:  484
coco 32109
flickr30 25426
---------------
Validation dataset
{'turtle': -1, 'debris': -2, 'sea': -3, 'dolphin': -4}
turtle:  1804
debris:  68
sea:  469
dolphine:  60
coco 4014
flickr30 3178
---------------
Start training
Epoch 1/50, Loss: 2.0211
Gradient Norm: 6.828553064260632
Epoch 2/50, Loss: 1.8480
Gradient Norm: 11.319926206953824
