Trainable parameters: 2,624,513
Total parameters: 197,905,409
START TRAINING
Epoch 1/100, Loss: 5.2960
START VALIDATION ON COCO AND TURTLE (MIXED) DATASET
{'COCO_TURTLE_R@1': 0.3333333432674408, 'COCO_TURTLE_R@5': 0.3333333432674408, 'COCO_TURTLE_R@10': 0.3333333432674408, 'COCO_TURTLE_mean_rank': 1335.96337890625, 'val_loss': 5.196323712666829, 'train_loss': 5.295996554354404, 'epoch': 1}
Best model saved at 1 with val_loss 5.1963
Epoch 2/100, Loss: 5.2190
START VALIDATION ON COCO AND TURTLE (MIXED) DATASET
{'COCO_TURTLE_R@1': 0.3333333432674408, 'COCO_TURTLE_R@5': 0.3333333432674408, 'COCO_TURTLE_R@10': 0.3333333432674408, 'COCO_TURTLE_mean_rank': 1334.1036376953125, 'val_loss': 5.186718622843425, 'train_loss': 5.218965966650781, 'epoch': 2}
Best model saved at 2 with val_loss 5.1867
Epoch 3/100, Loss: 5.2017
START VALIDATION ON COCO AND TURTLE (MIXED) DATASET
{'COCO_TURTLE_R@1': 0.3333333432674408, 'COCO_TURTLE_R@5': 0.3336666524410248, 'COCO_TURTLE_R@10': 0.3336666524410248, 'COCO_TURTLE_mean_rank': 1320.5643310546875, 'val_loss': 5.157479445139567, 'train_loss': 5.201699561261116, 'epoch': 3}
Best model saved at 3 with val_loss 5.1575
Epoch 4/100, Loss: 5.1757
START VALIDATION ON COCO AND TURTLE (MIXED) DATASET
{'COCO_TURTLE_R@1': 0.3336666524410248, 'COCO_TURTLE_R@5': 0.33399999141693115, 'COCO_TURTLE_R@10': 0.33533331751823425, 'COCO_TURTLE_mean_rank': 959.8590087890625, 'val_loss': 5.138424317042033, 'train_loss': 5.175684239001984, 'epoch': 4}
Best model saved at 4 with val_loss 5.1384
Epoch 5/100, Loss: 5.1648
START VALIDATION ON COCO AND TURTLE (MIXED) DATASET
{'COCO_TURTLE_R@1': 0.3336666524410248, 'COCO_TURTLE_R@5': 0.3346666693687439, 'COCO_TURTLE_R@10': 0.33500000834465027, 'COCO_TURTLE_mean_rank': 793.5490112304688, 'val_loss': 5.1318520704905195, 'train_loss': 5.164761928801841, 'epoch': 5}
Best model saved at 5 with val_loss 5.1319
Epoch 6/100, Loss: 5.1577
START VALIDATION ON COCO AND TURTLE (MIXED) DATASET
{'COCO_TURTLE_R@1': 0.3333333432674408, 'COCO_TURTLE_R@5': 0.3343333303928375, 'COCO_TURTLE_R@10': 0.335999995470047, 'COCO_TURTLE_mean_rank': 733.9953002929688, 'val_loss': 5.1266398429870605, 'train_loss': 5.157696855829117, 'epoch': 6}
Best model saved at 6 with val_loss 5.1266
Epoch 7/100, Loss: 5.1553
START VALIDATION ON COCO AND TURTLE (MIXED) DATASET
{'COCO_TURTLE_R@1': 0.3333333432674408, 'COCO_TURTLE_R@5': 0.33399999141693115, 'COCO_TURTLE_R@10': 0.3356666564941406, 'COCO_TURTLE_mean_rank': 688.2666625976562, 'val_loss': 5.127939701080322, 'train_loss': 5.155330089812583, 'epoch': 7}
Epoch 8/100, Loss: 5.1508
START VALIDATION ON COCO AND TURTLE (MIXED) DATASET
{'COCO_TURTLE_R@1': 0.3333333432674408, 'COCO_TURTLE_R@5': 0.33500000834465027, 'COCO_TURTLE_R@10': 0.3373333215713501, 'COCO_TURTLE_mean_rank': 657.9573364257812, 'val_loss': 5.123365004857381, 'train_loss': 5.150835128540688, 'epoch': 8}
Best model saved at 8 with val_loss 5.1234
Epoch 9/100, Loss: 5.1496
START VALIDATION ON COCO AND TURTLE (MIXED) DATASET
{'COCO_TURTLE_R@1': 0.33399999141693115, 'COCO_TURTLE_R@5': 0.33533331751823425, 'COCO_TURTLE_R@10': 0.3386666774749756, 'COCO_TURTLE_mean_rank': 606.4776611328125, 'val_loss': 5.124567906061809, 'train_loss': 5.14962758409216, 'epoch': 9}
Epoch 10/100, Loss: 5.1488
START VALIDATION ON COCO AND TURTLE (MIXED) DATASET
{'COCO_TURTLE_R@1': 0.3336666524410248, 'COCO_TURTLE_R@5': 0.335999995470047, 'COCO_TURTLE_R@10': 0.33933332562446594, 'COCO_TURTLE_mean_rank': 589.14599609375, 'val_loss': 5.125366687774658, 'train_loss': 5.148779351660546, 'epoch': 10}
Epoch 11/100, Loss: 5.1471
START VALIDATION ON COCO AND TURTLE (MIXED) DATASET
{'COCO_TURTLE_R@1': 0.33399999141693115, 'COCO_TURTLE_R@5': 0.33633333444595337, 'COCO_TURTLE_R@10': 0.34200000762939453, 'COCO_TURTLE_mean_rank': 547.1043090820312, 'val_loss': 5.120410839716594, 'train_loss': 5.147103106721919, 'epoch': 11}
Best model saved at 11 with val_loss 5.1204
Epoch 12/100, Loss: 5.1466
START VALIDATION ON COCO AND TURTLE (MIXED) DATASET
{'COCO_TURTLE_R@1': 0.33500000834465027, 'COCO_TURTLE_R@5': 0.3383333384990692, 'COCO_TURTLE_R@10': 0.34299999475479126, 'COCO_TURTLE_mean_rank': 509.9219970703125, 'val_loss': 5.124362945556641, 'train_loss': 5.146588711028404, 'epoch': 12}
Epoch 13/100, Loss: 5.1464
START VALIDATION ON COCO AND TURTLE (MIXED) DATASET
{'COCO_TURTLE_R@1': 0.33533331751823425, 'COCO_TURTLE_R@5': 0.34033334255218506, 'COCO_TURTLE_R@10': 0.343666672706604, 'COCO_TURTLE_mean_rank': 481.9743347167969, 'val_loss': 5.12220025062561, 'train_loss': 5.146398615329824, 'epoch': 13}
Epoch 14/100, Loss: 5.1449
START VALIDATION ON COCO AND TURTLE (MIXED) DATASET
{'COCO_TURTLE_R@1': 0.3343333303928375, 'COCO_TURTLE_R@5': 0.3400000035762787, 'COCO_TURTLE_R@10': 0.3476666510105133, 'COCO_TURTLE_mean_rank': 454.6653137207031, 'val_loss': 5.122458140055339, 'train_loss': 5.144871701585486, 'epoch': 14}
Epoch 15/100, Loss: 5.1440
START VALIDATION ON COCO AND TURTLE (MIXED) DATASET
{'COCO_TURTLE_R@1': 0.3346666693687439, 'COCO_TURTLE_R@5': 0.3409999907016754, 'COCO_TURTLE_R@10': 0.3486666679382324, 'COCO_TURTLE_mean_rank': 421.0223388671875, 'val_loss': 5.119824727376302, 'train_loss': 5.14400947854874, 'epoch': 15}
Best model saved at 15 with val_loss 5.1198
Epoch 16/100, Loss: 5.1443
START VALIDATION ON COCO AND TURTLE (MIXED) DATASET
{'COCO_TURTLE_R@1': 0.33399999141693115, 'COCO_TURTLE_R@5': 0.3369999825954437, 'COCO_TURTLE_R@10': 0.34466665983200073, 'COCO_TURTLE_mean_rank': 526.2533569335938, 'val_loss': 5.121438662211101, 'train_loss': 5.144286003518612, 'epoch': 16}
Epoch 17/100, Loss: 5.1439
START VALIDATION ON COCO AND TURTLE (MIXED) DATASET
{'COCO_TURTLE_R@1': 0.33500000834465027, 'COCO_TURTLE_R@5': 0.34333333373069763, 'COCO_TURTLE_R@10': 0.35100001096725464, 'COCO_TURTLE_mean_rank': 400.9606628417969, 'val_loss': 5.119681040445964, 'train_loss': 5.143854374581195, 'epoch': 17}
Best model saved at 17 with val_loss 5.1197
Epoch 18/100, Loss: 5.1420
START VALIDATION ON COCO AND TURTLE (MIXED) DATASET
{'COCO_TURTLE_R@1': 0.3346666693687439, 'COCO_TURTLE_R@5': 0.34299999475479126, 'COCO_TURTLE_R@10': 0.3529999852180481, 'COCO_TURTLE_mean_rank': 353.5249938964844, 'val_loss': 5.1190048058827715, 'train_loss': 5.141978355164223, 'epoch': 18}
Best model saved at 18 with val_loss 5.1190
Epoch 19/100, Loss: 5.1411
START VALIDATION ON COCO AND TURTLE (MIXED) DATASET
{'COCO_TURTLE_R@1': 0.3343333303928375, 'COCO_TURTLE_R@5': 0.34433332085609436, 'COCO_TURTLE_R@10': 0.3553333282470703, 'COCO_TURTLE_mean_rank': 331.2163391113281, 'val_loss': 5.113598585128784, 'train_loss': 5.141133217101402, 'epoch': 19}
Best model saved at 19 with val_loss 5.1136
Epoch 20/100, Loss: 5.1388
START VALIDATION ON COCO AND TURTLE (MIXED) DATASET
{'COCO_TURTLE_R@1': 0.3346666693687439, 'COCO_TURTLE_R@5': 0.3463333249092102, 'COCO_TURTLE_R@10': 0.3566666543483734, 'COCO_TURTLE_mean_rank': 312.4056701660156, 'val_loss': 5.117715676625569, 'train_loss': 5.138842085574535, 'epoch': 20}
Epoch 21/100, Loss: 5.1386
START VALIDATION ON COCO AND TURTLE (MIXED) DATASET
{'COCO_TURTLE_R@1': 0.3343333303928375, 'COCO_TURTLE_R@5': 0.3473333418369293, 'COCO_TURTLE_R@10': 0.35866665840148926, 'COCO_TURTLE_mean_rank': 289.6993408203125, 'val_loss': 5.111155827840169, 'train_loss': 5.1385990913878095, 'epoch': 21}
Best model saved at 21 with val_loss 5.1112
Epoch 22/100, Loss: 5.1390
START VALIDATION ON COCO AND TURTLE (MIXED) DATASET
{'COCO_TURTLE_R@1': 0.33500000834465027, 'COCO_TURTLE_R@5': 0.3499999940395355, 'COCO_TURTLE_R@10': 0.36533331871032715, 'COCO_TURTLE_mean_rank': 269.4703369140625, 'val_loss': 5.116053978602092, 'train_loss': 5.139022644529951, 'epoch': 22}
Epoch 23/100, Loss: 5.1368
START VALIDATION ON COCO AND TURTLE (MIXED) DATASET
{'COCO_TURTLE_R@1': 0.3356666564941406, 'COCO_TURTLE_R@5': 0.351666659116745, 'COCO_TURTLE_R@10': 0.36766666173934937, 'COCO_TURTLE_mean_rank': 250.92666625976562, 'val_loss': 5.114440202713013, 'train_loss': 5.1367529503842615, 'epoch': 23}
Epoch 24/100, Loss: 5.1378
START VALIDATION ON COCO AND TURTLE (MIXED) DATASET
{'COCO_TURTLE_R@1': 0.33500000834465027, 'COCO_TURTLE_R@5': 0.3543333411216736, 'COCO_TURTLE_R@10': 0.3669999837875366, 'COCO_TURTLE_mean_rank': 230.46266174316406, 'val_loss': 5.1140205065409345, 'train_loss': 5.1378267470826495, 'epoch': 24}
Epoch 25/100, Loss: 5.1358
START VALIDATION ON COCO AND TURTLE (MIXED) DATASET
{'COCO_TURTLE_R@1': 0.335999995470047, 'COCO_TURTLE_R@5': 0.35466665029525757, 'COCO_TURTLE_R@10': 0.37599998712539673, 'COCO_TURTLE_mean_rank': 211.04367065429688, 'val_loss': 5.110370477040608, 'train_loss': 5.13577309060604, 'epoch': 25}
Best model saved at 25 with val_loss 5.1104
Epoch 26/100, Loss: 5.1402
START VALIDATION ON COCO AND TURTLE (MIXED) DATASET
{'COCO_TURTLE_R@1': 0.3369999825954437, 'COCO_TURTLE_R@5': 0.34833332896232605, 'COCO_TURTLE_R@10': 0.3623333275318146, 'COCO_TURTLE_mean_rank': 284.968994140625, 'val_loss': 5.117726961771647, 'train_loss': 5.140232025308812, 'epoch': 26}
Epoch 27/100, Loss: 5.1357
START VALIDATION ON COCO AND TURTLE (MIXED) DATASET
{'COCO_TURTLE_R@1': 0.33766666054725647, 'COCO_TURTLE_R@5': 0.35366666316986084, 'COCO_TURTLE_R@10': 0.3776666522026062, 'COCO_TURTLE_mean_rank': 206.4336700439453, 'val_loss': 5.1065817674001055, 'train_loss': 5.135719867462807, 'epoch': 27}
Best model saved at 27 with val_loss 5.1066
Epoch 28/100, Loss: 5.1335
START VALIDATION ON COCO AND TURTLE (MIXED) DATASET
{'COCO_TURTLE_R@1': 0.3383333384990692, 'COCO_TURTLE_R@5': 0.3556666672229767, 'COCO_TURTLE_R@10': 0.3766666650772095, 'COCO_TURTLE_mean_rank': 193.4969940185547, 'val_loss': 5.111389557520549, 'train_loss': 5.133537221462168, 'epoch': 28}
Epoch 29/100, Loss: 5.1324
START VALIDATION ON COCO AND TURTLE (MIXED) DATASET
{'COCO_TURTLE_R@1': 0.33899998664855957, 'COCO_TURTLE_R@5': 0.3623333275318146, 'COCO_TURTLE_R@10': 0.38633331656455994, 'COCO_TURTLE_mean_rank': 169.71266174316406, 'val_loss': 5.108267625172933, 'train_loss': 5.132432420203027, 'epoch': 29}
Epoch 30/100, Loss: 5.1307
START VALIDATION ON COCO AND TURTLE (MIXED) DATASET
{'COCO_TURTLE_R@1': 0.3383333384990692, 'COCO_TURTLE_R@5': 0.3643333315849304, 'COCO_TURTLE_R@10': 0.39100000262260437, 'COCO_TURTLE_mean_rank': 165.9933319091797, 'val_loss': 5.107000668843587, 'train_loss': 5.130703550703982, 'epoch': 30}
Epoch 31/100, Loss: 5.1307
START VALIDATION ON COCO AND TURTLE (MIXED) DATASET
{'COCO_TURTLE_R@1': 0.3413333296775818, 'COCO_TURTLE_R@5': 0.36666667461395264, 'COCO_TURTLE_R@10': 0.39800000190734863, 'COCO_TURTLE_mean_rank': 146.52032470703125, 'val_loss': 5.103940645853679, 'train_loss': 5.130738471416717, 'epoch': 31}
Best model saved at 31 with val_loss 5.1039
Epoch 32/100, Loss: 5.1292
START VALIDATION ON COCO AND TURTLE (MIXED) DATASET
{'COCO_TURTLE_R@1': 0.34166666865348816, 'COCO_TURTLE_R@5': 0.3713333308696747, 'COCO_TURTLE_R@10': 0.40033331513404846, 'COCO_TURTLE_mean_rank': 140.1653289794922, 'val_loss': 5.107462088267009, 'train_loss': 5.129235328511989, 'epoch': 32}
Epoch 33/100, Loss: 5.1289
START VALIDATION ON COCO AND TURTLE (MIXED) DATASET
{'COCO_TURTLE_R@1': 0.3409999907016754, 'COCO_TURTLE_R@5': 0.3723333179950714, 'COCO_TURTLE_R@10': 0.4076666533946991, 'COCO_TURTLE_mean_rank': 129.8419952392578, 'val_loss': 5.103627522786458, 'train_loss': 5.1289073355654455, 'epoch': 33}
Best model saved at 33 with val_loss 5.1036
Epoch 34/100, Loss: 5.1278
START VALIDATION ON COCO AND TURTLE (MIXED) DATASET
{'COCO_TURTLE_R@1': 0.3413333296775818, 'COCO_TURTLE_R@5': 0.37700000405311584, 'COCO_TURTLE_R@10': 0.4143333435058594, 'COCO_TURTLE_mean_rank': 120.68733215332031, 'val_loss': 5.10552453994751, 'train_loss': 5.127760197253937, 'epoch': 34}
Epoch 35/100, Loss: 5.1280
START VALIDATION ON COCO AND TURTLE (MIXED) DATASET
{'COCO_TURTLE_R@1': 0.3466666638851166, 'COCO_TURTLE_R@5': 0.38233333826065063, 'COCO_TURTLE_R@10': 0.421999990940094, 'COCO_TURTLE_mean_rank': 112.73432922363281, 'val_loss': 5.101027727127075, 'train_loss': 5.127957252745933, 'epoch': 35}
Best model saved at 35 with val_loss 5.1010
Epoch 36/100, Loss: 5.1268
START VALIDATION ON COCO AND TURTLE (MIXED) DATASET
{'COCO_TURTLE_R@1': 0.3463333249092102, 'COCO_TURTLE_R@5': 0.38866665959358215, 'COCO_TURTLE_R@10': 0.4300000071525574, 'COCO_TURTLE_mean_rank': 105.88800048828125, 'val_loss': 5.097817420959473, 'train_loss': 5.126774402374917, 'epoch': 36}
Best model saved at 36 with val_loss 5.0978
Epoch 37/100, Loss: 5.1261
START VALIDATION ON COCO AND TURTLE (MIXED) DATASET
{'COCO_TURTLE_R@1': 0.343666672706604, 'COCO_TURTLE_R@5': 0.3893333375453949, 'COCO_TURTLE_R@10': 0.43533334136009216, 'COCO_TURTLE_mean_rank': 104.79833221435547, 'val_loss': 5.100492715835571, 'train_loss': 5.126106992680976, 'epoch': 37}
Epoch 38/100, Loss: 5.1253
START VALIDATION ON COCO AND TURTLE (MIXED) DATASET
{'COCO_TURTLE_R@1': 0.3466666638851166, 'COCO_TURTLE_R@5': 0.39366665482521057, 'COCO_TURTLE_R@10': 0.43933331966400146, 'COCO_TURTLE_mean_rank': 100.2423324584961, 'val_loss': 5.099165280659993, 'train_loss': 5.125292341759864, 'epoch': 38}
Epoch 39/100, Loss: 5.1237
START VALIDATION ON COCO AND TURTLE (MIXED) DATASET
{'COCO_TURTLE_R@1': 0.3479999899864197, 'COCO_TURTLE_R@5': 0.3930000066757202, 'COCO_TURTLE_R@10': 0.4449999928474426, 'COCO_TURTLE_mean_rank': 94.45366668701172, 'val_loss': 5.100697755813599, 'train_loss': 5.123676655140329, 'epoch': 39}
Epoch 40/100, Loss: 5.1234
START VALIDATION ON COCO AND TURTLE (MIXED) DATASET
{'COCO_TURTLE_R@1': 0.3473333418369293, 'COCO_TURTLE_R@5': 0.39633333683013916, 'COCO_TURTLE_R@10': 0.44866666197776794, 'COCO_TURTLE_mean_rank': 91.03800201416016, 'val_loss': 5.101785182952881, 'train_loss': 5.123422328461992, 'epoch': 40}
Epoch 41/100, Loss: 5.1229
START VALIDATION ON COCO AND TURTLE (MIXED) DATASET
{'COCO_TURTLE_R@1': 0.3503333330154419, 'COCO_TURTLE_R@5': 0.40299999713897705, 'COCO_TURTLE_R@10': 0.4583333432674408, 'COCO_TURTLE_mean_rank': 89.50033569335938, 'val_loss': 5.098049243291219, 'train_loss': 5.122914902707364, 'epoch': 41}
Epoch 42/100, Loss: 5.1225
START VALIDATION ON COCO AND TURTLE (MIXED) DATASET
{'COCO_TURTLE_R@1': 0.34966665506362915, 'COCO_TURTLE_R@5': 0.40700000524520874, 'COCO_TURTLE_R@10': 0.46033331751823425, 'COCO_TURTLE_mean_rank': 80.70600128173828, 'val_loss': 5.098717053731282, 'train_loss': 5.122475847284845, 'epoch': 42}
Epoch 43/100, Loss: 5.1219
START VALIDATION ON COCO AND TURTLE (MIXED) DATASET
{'COCO_TURTLE_R@1': 0.3526666760444641, 'COCO_TURTLE_R@5': 0.4103333353996277, 'COCO_TURTLE_R@10': 0.4699999988079071, 'COCO_TURTLE_mean_rank': 78.34066772460938, 'val_loss': 5.100241740544637, 'train_loss': 5.121903115130485, 'epoch': 43}
Epoch 44/100, Loss: 5.1215
START VALIDATION ON COCO AND TURTLE (MIXED) DATASET
{'COCO_TURTLE_R@1': 0.3513333201408386, 'COCO_TURTLE_R@5': 0.40700000524520874, 'COCO_TURTLE_R@10': 0.45533332228660583, 'COCO_TURTLE_mean_rank': 109.55966186523438, 'val_loss': 5.097721179326375, 'train_loss': 5.121471973175698, 'epoch': 44}
Best model saved at 44 with val_loss 5.0977
Epoch 45/100, Loss: 5.1208
START VALIDATION ON COCO AND TURTLE (MIXED) DATASET
{'COCO_TURTLE_R@1': 0.3543333411216736, 'COCO_TURTLE_R@5': 0.41600000858306885, 'COCO_TURTLE_R@10': 0.4779999852180481, 'COCO_TURTLE_mean_rank': 78.36933135986328, 'val_loss': 5.095846811930339, 'train_loss': 5.120783785556225, 'epoch': 45}
Best model saved at 45 with val_loss 5.0958
Epoch 46/100, Loss: 5.1207
START VALIDATION ON COCO AND TURTLE (MIXED) DATASET
{'COCO_TURTLE_R@1': 0.35733333230018616, 'COCO_TURTLE_R@5': 0.4230000078678131, 'COCO_TURTLE_R@10': 0.48633334040641785, 'COCO_TURTLE_mean_rank': 71.12966918945312, 'val_loss': 5.097750107447307, 'train_loss': 5.120687048485938, 'epoch': 46}
Epoch 47/100, Loss: 5.1195
START VALIDATION ON COCO AND TURTLE (MIXED) DATASET
{'COCO_TURTLE_R@1': 0.35333332419395447, 'COCO_TURTLE_R@5': 0.4233333170413971, 'COCO_TURTLE_R@10': 0.48766666650772095, 'COCO_TURTLE_mean_rank': 68.53700256347656, 'val_loss': 5.097235282262166, 'train_loss': 5.1195185742479685, 'epoch': 47}
Epoch 48/100, Loss: 5.1197
START VALIDATION ON COCO AND TURTLE (MIXED) DATASET
{'COCO_TURTLE_R@1': 0.3556666672229767, 'COCO_TURTLE_R@5': 0.42899999022483826, 'COCO_TURTLE_R@10': 0.4983333349227905, 'COCO_TURTLE_mean_rank': 68.51799774169922, 'val_loss': 5.094127337137858, 'train_loss': 5.1197407093453915, 'epoch': 48}
Best model saved at 48 with val_loss 5.0941
Epoch 49/100, Loss: 5.1189
START VALIDATION ON COCO AND TURTLE (MIXED) DATASET
{'COCO_TURTLE_R@1': 0.35899999737739563, 'COCO_TURTLE_R@5': 0.42266666889190674, 'COCO_TURTLE_R@10': 0.4860000014305115, 'COCO_TURTLE_mean_rank': 71.18866729736328, 'val_loss': 5.09652574857076, 'train_loss': 5.118878415290346, 'epoch': 49}
Epoch 50/100, Loss: 5.1183
START VALIDATION ON COCO AND TURTLE (MIXED) DATASET
{'COCO_TURTLE_R@1': 0.3596666753292084, 'COCO_TURTLE_R@5': 0.4326666593551636, 'COCO_TURTLE_R@10': 0.5016666650772095, 'COCO_TURTLE_mean_rank': 61.24399948120117, 'val_loss': 5.090941826502482, 'train_loss': 5.118291083802569, 'epoch': 50}
Best model saved at 50 with val_loss 5.0909
Epoch 51/100, Loss: 5.1213
START VALIDATION ON COCO AND TURTLE (MIXED) DATASET
{'COCO_TURTLE_R@1': 0.3413333296775818, 'COCO_TURTLE_R@5': 0.36266666650772095, 'COCO_TURTLE_R@10': 0.38366666436195374, 'COCO_TURTLE_mean_rank': 450.8956604003906, 'val_loss': 5.124184608459473, 'train_loss': 5.1212672071254, 'epoch': 51}
Epoch 52/100, Loss: 5.1236
START VALIDATION ON COCO AND TURTLE (MIXED) DATASET
{'COCO_TURTLE_R@1': 0.35733333230018616, 'COCO_TURTLE_R@5': 0.42399999499320984, 'COCO_TURTLE_R@10': 0.49399998784065247, 'COCO_TURTLE_mean_rank': 67.72366333007812, 'val_loss': 5.091557025909424, 'train_loss': 5.123624345089527, 'epoch': 52}
Epoch 53/100, Loss: 5.1181
START VALIDATION ON COCO AND TURTLE (MIXED) DATASET
{'COCO_TURTLE_R@1': 0.35733333230018616, 'COCO_TURTLE_R@5': 0.4273333251476288, 'COCO_TURTLE_R@10': 0.4933333396911621, 'COCO_TURTLE_mean_rank': 64.53333282470703, 'val_loss': 5.091207265853882, 'train_loss': 5.118149280548096, 'epoch': 53}
Epoch 54/100, Loss: 5.1182
START VALIDATION ON COCO AND TURTLE (MIXED) DATASET
{'COCO_TURTLE_R@1': 0.35766667127609253, 'COCO_TURTLE_R@5': 0.4413333237171173, 'COCO_TURTLE_R@10': 0.515666663646698, 'COCO_TURTLE_mean_rank': 56.60333251953125, 'val_loss': 5.0945437749226885, 'train_loss': 5.118185236098919, 'epoch': 54}
Epoch 55/100, Loss: 5.1164
START VALIDATION ON COCO AND TURTLE (MIXED) DATASET
{'COCO_TURTLE_R@1': 0.3619999885559082, 'COCO_TURTLE_R@5': 0.4399999976158142, 'COCO_TURTLE_R@10': 0.515333354473114, 'COCO_TURTLE_mean_rank': 55.56133270263672, 'val_loss': 5.091796159744263, 'train_loss': 5.116430292738245, 'epoch': 55}
Epoch 56/100, Loss: 5.1159
START VALIDATION ON COCO AND TURTLE (MIXED) DATASET
{'COCO_TURTLE_R@1': 0.36399999260902405, 'COCO_TURTLE_R@5': 0.445333331823349, 'COCO_TURTLE_R@10': 0.5193333029747009, 'COCO_TURTLE_mean_rank': 54.72866439819336, 'val_loss': 5.092593272527059, 'train_loss': 5.115885440339434, 'epoch': 56}
Epoch 57/100, Loss: 5.1161
START VALIDATION ON COCO AND TURTLE (MIXED) DATASET
{'COCO_TURTLE_R@1': 0.3646666705608368, 'COCO_TURTLE_R@5': 0.4403333365917206, 'COCO_TURTLE_R@10': 0.5243332982063293, 'COCO_TURTLE_mean_rank': 52.86800003051758, 'val_loss': 5.088306744893392, 'train_loss': 5.116100372152125, 'epoch': 57}
Best model saved at 57 with val_loss 5.0883
Epoch 58/100, Loss: 5.1155
START VALIDATION ON COCO AND TURTLE (MIXED) DATASET
{'COCO_TURTLE_R@1': 0.3630000054836273, 'COCO_TURTLE_R@5': 0.4496666491031647, 'COCO_TURTLE_R@10': 0.531333327293396, 'COCO_TURTLE_mean_rank': 54.48099899291992, 'val_loss': 5.093643267949422, 'train_loss': 5.115543507515116, 'epoch': 58}
Epoch 59/100, Loss: 5.1180
START VALIDATION ON COCO AND TURTLE (MIXED) DATASET
{'COCO_TURTLE_R@1': 0.35499998927116394, 'COCO_TURTLE_R@5': 0.4076666533946991, 'COCO_TURTLE_R@10': 0.4646666646003723, 'COCO_TURTLE_mean_rank': 94.90299987792969, 'val_loss': 5.097243229548137, 'train_loss': 5.118008846932269, 'epoch': 59}
Epoch 60/100, Loss: 5.1171
START VALIDATION ON COCO AND TURTLE (MIXED) DATASET
{'COCO_TURTLE_R@1': 0.3656666576862335, 'COCO_TURTLE_R@5': 0.44999998807907104, 'COCO_TURTLE_R@10': 0.5276666879653931, 'COCO_TURTLE_mean_rank': 52.710330963134766, 'val_loss': 5.091415087381999, 'train_loss': 5.117126434407336, 'epoch': 60}
Epoch 61/100, Loss: 5.1140
START VALIDATION ON COCO AND TURTLE (MIXED) DATASET
{'COCO_TURTLE_R@1': 0.3669999837875366, 'COCO_TURTLE_R@5': 0.45366665720939636, 'COCO_TURTLE_R@10': 0.531333327293396, 'COCO_TURTLE_mean_rank': 50.85499954223633, 'val_loss': 5.090689102808635, 'train_loss': 5.113985781973981, 'epoch': 61}
Epoch 62/100, Loss: 5.1149
START VALIDATION ON COCO AND TURTLE (MIXED) DATASET
{'COCO_TURTLE_R@1': 0.3686666488647461, 'COCO_TURTLE_R@5': 0.45133331418037415, 'COCO_TURTLE_R@10': 0.5260000228881836, 'COCO_TURTLE_mean_rank': 53.043331146240234, 'val_loss': 5.090346097946167, 'train_loss': 5.114909669186207, 'epoch': 62}
Epoch 63/100, Loss: 5.1137
START VALIDATION ON COCO AND TURTLE (MIXED) DATASET
{'COCO_TURTLE_R@1': 0.36933332681655884, 'COCO_TURTLE_R@5': 0.45366665720939636, 'COCO_TURTLE_R@10': 0.5373333096504211, 'COCO_TURTLE_mean_rank': 48.836666107177734, 'val_loss': 5.088944594065349, 'train_loss': 5.113691035737383, 'epoch': 63}
Epoch 64/100, Loss: 5.1136
START VALIDATION ON COCO AND TURTLE (MIXED) DATASET
{'COCO_TURTLE_R@1': 0.3700000047683716, 'COCO_TURTLE_R@5': 0.4623333215713501, 'COCO_TURTLE_R@10': 0.5529999732971191, 'COCO_TURTLE_mean_rank': 47.16166687011719, 'val_loss': 5.091889460881551, 'train_loss': 5.113642580965732, 'epoch': 64}
Epoch 65/100, Loss: 5.1133
START VALIDATION ON COCO AND TURTLE (MIXED) DATASET
{'COCO_TURTLE_R@1': 0.36800000071525574, 'COCO_TURTLE_R@5': 0.4580000042915344, 'COCO_TURTLE_R@10': 0.5386666655540466, 'COCO_TURTLE_mean_rank': 49.66866683959961, 'val_loss': 5.089224259058635, 'train_loss': 5.113253035443894, 'epoch': 65}
Epoch 66/100, Loss: 5.1126
START VALIDATION ON COCO AND TURTLE (MIXED) DATASET
{'COCO_TURTLE_R@1': 0.36800000071525574, 'COCO_TURTLE_R@5': 0.46033331751823425, 'COCO_TURTLE_R@10': 0.5513333082199097, 'COCO_TURTLE_mean_rank': 45.6533317565918, 'val_loss': 5.087854464848836, 'train_loss': 5.112587482371229, 'epoch': 66}
Best model saved at 66 with val_loss 5.0879
