Trainable parameters: 2,624,513
Total parameters: 197,905,409
START TRAINING
Epoch 67/500, Loss: 5.1124
START VALIDATION ON COCO AND TURTLE (MIXED) DATASET
{'COCO_TURTLE_R@1': 0.37033334374427795, 'COCO_TURTLE_R@5': 0.46566665172576904, 'COCO_TURTLE_R@10': 0.5483333468437195, 'COCO_TURTLE_mean_rank': 46.78199768066406, 'val_loss': 5.090567588806152, 'train_loss': 5.112425692537998, 'epoch': 67}
Epoch 68/500, Loss: 5.1124
START VALIDATION ON COCO AND TURTLE (MIXED) DATASET
{'COCO_TURTLE_R@1': 0.37033334374427795, 'COCO_TURTLE_R@5': 0.46833333373069763, 'COCO_TURTLE_R@10': 0.5536666512489319, 'COCO_TURTLE_mean_rank': 46.47200012207031, 'val_loss': 5.088369687398274, 'train_loss': 5.112417779070266, 'epoch': 68}
Epoch 69/500, Loss: 5.1119
START VALIDATION ON COCO AND TURTLE (MIXED) DATASET
{'COCO_TURTLE_R@1': 0.3726666569709778, 'COCO_TURTLE_R@5': 0.4659999907016754, 'COCO_TURTLE_R@10': 0.5450000166893005, 'COCO_TURTLE_mean_rank': 49.24766540527344, 'val_loss': 5.0898490746816, 'train_loss': 5.1118957641276905, 'epoch': 69}
Epoch 70/500, Loss: 5.1115
START VALIDATION ON COCO AND TURTLE (MIXED) DATASET
{'COCO_TURTLE_R@1': 0.3733333349227905, 'COCO_TURTLE_R@5': 0.4703333377838135, 'COCO_TURTLE_R@10': 0.5556666851043701, 'COCO_TURTLE_mean_rank': 44.814998626708984, 'val_loss': 5.085416158040364, 'train_loss': 5.111460432093194, 'epoch': 70}
Best model saved at 70 with val_loss 5.0854
Epoch 71/500, Loss: 5.1109
START VALIDATION ON COCO AND TURTLE (MIXED) DATASET
{'COCO_TURTLE_R@1': 0.36933332681655884, 'COCO_TURTLE_R@5': 0.46666666865348816, 'COCO_TURTLE_R@10': 0.5493333339691162, 'COCO_TURTLE_mean_rank': 45.27499771118164, 'val_loss': 5.091357231140137, 'train_loss': 5.110906519788377, 'epoch': 71}
Epoch 72/500, Loss: 5.1115
START VALIDATION ON COCO AND TURTLE (MIXED) DATASET
{'COCO_TURTLE_R@1': 0.3766666650772095, 'COCO_TURTLE_R@5': 0.4713333249092102, 'COCO_TURTLE_R@10': 0.5640000104904175, 'COCO_TURTLE_mean_rank': 45.5706672668457, 'val_loss': 5.0897650718688965, 'train_loss': 5.1115282951517305, 'epoch': 72}
Epoch 73/500, Loss: 5.1121
START VALIDATION ON COCO AND TURTLE (MIXED) DATASET
{'COCO_TURTLE_R@1': 0.3739999830722809, 'COCO_TURTLE_R@5': 0.46566665172576904, 'COCO_TURTLE_R@10': 0.5376666784286499, 'COCO_TURTLE_mean_rank': 64.25166320800781, 'val_loss': 5.09176500638326, 'train_loss': 5.112053424754041, 'epoch': 73}
Epoch 74/500, Loss: 5.1128
START VALIDATION ON COCO AND TURTLE (MIXED) DATASET
{'COCO_TURTLE_R@1': 0.3633333146572113, 'COCO_TURTLE_R@5': 0.4479999840259552, 'COCO_TURTLE_R@10': 0.5270000100135803, 'COCO_TURTLE_mean_rank': 52.41699981689453, 'val_loss': 5.091951449712117, 'train_loss': 5.11279548482692, 'epoch': 74}
Epoch 75/500, Loss: 5.1104
START VALIDATION ON COCO AND TURTLE (MIXED) DATASET
{'COCO_TURTLE_R@1': 0.37166666984558105, 'COCO_TURTLE_R@5': 0.4753333330154419, 'COCO_TURTLE_R@10': 0.559666633605957, 'COCO_TURTLE_mean_rank': 43.03066635131836, 'val_loss': 5.0890036424001055, 'train_loss': 5.110362418154453, 'epoch': 75}
Epoch 76/500, Loss: 5.1093
START VALIDATION ON COCO AND TURTLE (MIXED) DATASET
{'COCO_TURTLE_R@1': 0.3733333349227905, 'COCO_TURTLE_R@5': 0.47599998116493225, 'COCO_TURTLE_R@10': 0.5616666674613953, 'COCO_TURTLE_mean_rank': 41.82500076293945, 'val_loss': 5.088117440541585, 'train_loss': 5.1093116415307875, 'epoch': 76}
Epoch 77/500, Loss: 5.1097
START VALIDATION ON COCO AND TURTLE (MIXED) DATASET
{'COCO_TURTLE_R@1': 0.3726666569709778, 'COCO_TURTLE_R@5': 0.4860000014305115, 'COCO_TURTLE_R@10': 0.5723333358764648, 'COCO_TURTLE_mean_rank': 41.387332916259766, 'val_loss': 5.086727539698283, 'train_loss': 5.109685218080561, 'epoch': 77}
Epoch 78/500, Loss: 5.1094
START VALIDATION ON COCO AND TURTLE (MIXED) DATASET
{'COCO_TURTLE_R@1': 0.3766666650772095, 'COCO_TURTLE_R@5': 0.4806666672229767, 'COCO_TURTLE_R@10': 0.5766666531562805, 'COCO_TURTLE_mean_rank': 42.0186653137207, 'val_loss': 5.08915638923645, 'train_loss': 5.109402352191032, 'epoch': 78}
Epoch 79/500, Loss: 5.1098
START VALIDATION ON COCO AND TURTLE (MIXED) DATASET
{'COCO_TURTLE_R@1': 0.3766666650772095, 'COCO_TURTLE_R@5': 0.4816666543483734, 'COCO_TURTLE_R@10': 0.5756666660308838, 'COCO_TURTLE_mean_rank': 41.12966537475586, 'val_loss': 5.0885804494222, 'train_loss': 5.109787220650531, 'epoch': 79}
Epoch 80/500, Loss: 5.1081
START VALIDATION ON COCO AND TURTLE (MIXED) DATASET
{'COCO_TURTLE_R@1': 0.37299999594688416, 'COCO_TURTLE_R@5': 0.4753333330154419, 'COCO_TURTLE_R@10': 0.5666666626930237, 'COCO_TURTLE_mean_rank': 41.643333435058594, 'val_loss': 5.089700698852539, 'train_loss': 5.108053349434061, 'epoch': 80}
Epoch 81/500, Loss: 5.1081
START VALIDATION ON COCO AND TURTLE (MIXED) DATASET
{'COCO_TURTLE_R@1': 0.37433332204818726, 'COCO_TURTLE_R@5': 0.47566667199134827, 'COCO_TURTLE_R@10': 0.5680000185966492, 'COCO_TURTLE_mean_rank': 43.26533126831055, 'val_loss': 5.084691127141316, 'train_loss': 5.108083948175958, 'epoch': 81}
Best model saved at 81 with val_loss 5.0847
Epoch 82/500, Loss: 5.1072
START VALIDATION ON COCO AND TURTLE (MIXED) DATASET
{'COCO_TURTLE_R@1': 0.3776666522026062, 'COCO_TURTLE_R@5': 0.4856666624546051, 'COCO_TURTLE_R@10': 0.5773333311080933, 'COCO_TURTLE_mean_rank': 41.409000396728516, 'val_loss': 5.087053060531616, 'train_loss': 5.107235938944715, 'epoch': 82}
Epoch 83/500, Loss: 5.1073
START VALIDATION ON COCO AND TURTLE (MIXED) DATASET
{'COCO_TURTLE_R@1': 0.37599998712539673, 'COCO_TURTLE_R@5': 0.48499998450279236, 'COCO_TURTLE_R@10': 0.5809999704360962, 'COCO_TURTLE_mean_rank': 41.042999267578125, 'val_loss': 5.082099596659343, 'train_loss': 5.107304562913611, 'epoch': 83}
Best model saved at 83 with val_loss 5.0821
Epoch 84/500, Loss: 5.1080
START VALIDATION ON COCO AND TURTLE (MIXED) DATASET
{'COCO_TURTLE_R@1': 0.3763333261013031, 'COCO_TURTLE_R@5': 0.4883333146572113, 'COCO_TURTLE_R@10': 0.581333339214325, 'COCO_TURTLE_mean_rank': 40.92433166503906, 'val_loss': 5.08818785349528, 'train_loss': 5.108011803728469, 'epoch': 84}
Epoch 85/500, Loss: 5.1070
START VALIDATION ON COCO AND TURTLE (MIXED) DATASET
{'COCO_TURTLE_R@1': 0.3786666691303253, 'COCO_TURTLE_R@5': 0.49399998784065247, 'COCO_TURTLE_R@10': 0.5879999995231628, 'COCO_TURTLE_mean_rank': 39.794334411621094, 'val_loss': 5.0843885739644366, 'train_loss': 5.107029397436913, 'epoch': 85}
Epoch 86/500, Loss: 5.1070
START VALIDATION ON COCO AND TURTLE (MIXED) DATASET
{'COCO_TURTLE_R@1': 0.3799999952316284, 'COCO_TURTLE_R@5': 0.4886666536331177, 'COCO_TURTLE_R@10': 0.5796666741371155, 'COCO_TURTLE_mean_rank': 44.07999801635742, 'val_loss': 5.088181336720784, 'train_loss': 5.1069999045514045, 'epoch': 86}
Epoch 87/500, Loss: 5.1063
START VALIDATION ON COCO AND TURTLE (MIXED) DATASET
{'COCO_TURTLE_R@1': 0.37966665625572205, 'COCO_TURTLE_R@5': 0.4906666576862335, 'COCO_TURTLE_R@10': 0.5883333086967468, 'COCO_TURTLE_mean_rank': 39.952999114990234, 'val_loss': 5.083372036616008, 'train_loss': 5.106264743399112, 'epoch': 87}
Epoch 88/500, Loss: 5.1062
START VALIDATION ON COCO AND TURTLE (MIXED) DATASET
{'COCO_TURTLE_R@1': 0.38233333826065063, 'COCO_TURTLE_R@5': 0.49666666984558105, 'COCO_TURTLE_R@10': 0.590666651725769, 'COCO_TURTLE_mean_rank': 38.69900131225586, 'val_loss': 5.0844987233479815, 'train_loss': 5.106182372316401, 'epoch': 88}
Epoch 89/500, Loss: 5.1062
START VALIDATION ON COCO AND TURTLE (MIXED) DATASET
{'COCO_TURTLE_R@1': 0.37566664814949036, 'COCO_TURTLE_R@5': 0.4963333308696747, 'COCO_TURTLE_R@10': 0.5889999866485596, 'COCO_TURTLE_mean_rank': 40.005332946777344, 'val_loss': 5.08678921063741, 'train_loss': 5.106175584996, 'epoch': 89}
Epoch 90/500, Loss: 5.1050
START VALIDATION ON COCO AND TURTLE (MIXED) DATASET
{'COCO_TURTLE_R@1': 0.3779999911785126, 'COCO_TURTLE_R@5': 0.4963333308696747, 'COCO_TURTLE_R@10': 0.5889999866485596, 'COCO_TURTLE_mean_rank': 41.41133117675781, 'val_loss': 5.088986953099568, 'train_loss': 5.1050118385477266, 'epoch': 90}
Epoch 91/500, Loss: 5.1055
START VALIDATION ON COCO AND TURTLE (MIXED) DATASET
{'COCO_TURTLE_R@1': 0.3793333172798157, 'COCO_TURTLE_R@5': 0.4933333396911621, 'COCO_TURTLE_R@10': 0.5849999785423279, 'COCO_TURTLE_mean_rank': 39.0880012512207, 'val_loss': 5.0890421867370605, 'train_loss': 5.105507698464901, 'epoch': 91}
Epoch 92/500, Loss: 5.1062
START VALIDATION ON COCO AND TURTLE (MIXED) DATASET
{'COCO_TURTLE_R@1': 0.382666677236557, 'COCO_TURTLE_R@5': 0.4963333308696747, 'COCO_TURTLE_R@10': 0.5899999737739563, 'COCO_TURTLE_mean_rank': 37.56533432006836, 'val_loss': 5.082803567250569, 'train_loss': 5.1061514286284755, 'epoch': 92}
Epoch 93/500, Loss: 5.1053
START VALIDATION ON COCO AND TURTLE (MIXED) DATASET
{'COCO_TURTLE_R@1': 0.38199999928474426, 'COCO_TURTLE_R@5': 0.49533331394195557, 'COCO_TURTLE_R@10': 0.593999981880188, 'COCO_TURTLE_mean_rank': 39.352664947509766, 'val_loss': 5.08798869450887, 'train_loss': 5.105253351495621, 'epoch': 93}
Epoch 94/500, Loss: 5.1045
START VALIDATION ON COCO AND TURTLE (MIXED) DATASET
{'COCO_TURTLE_R@1': 0.37833333015441895, 'COCO_TURTLE_R@5': 0.49566665291786194, 'COCO_TURTLE_R@10': 0.5886666774749756, 'COCO_TURTLE_mean_rank': 39.10966491699219, 'val_loss': 5.086499849955241, 'train_loss': 5.104486739381831, 'epoch': 94}
Epoch 95/500, Loss: 5.1047
START VALIDATION ON COCO AND TURTLE (MIXED) DATASET
{'COCO_TURTLE_R@1': 0.38199999928474426, 'COCO_TURTLE_R@5': 0.49399998784065247, 'COCO_TURTLE_R@10': 0.5873333215713501, 'COCO_TURTLE_mean_rank': 39.28033447265625, 'val_loss': 5.086635271708171, 'train_loss': 5.104740558786595, 'epoch': 95}
Epoch 96/500, Loss: 5.1048
START VALIDATION ON COCO AND TURTLE (MIXED) DATASET
{'COCO_TURTLE_R@1': 0.38066667318344116, 'COCO_TURTLE_R@5': 0.49000000953674316, 'COCO_TURTLE_R@10': 0.5839999914169312, 'COCO_TURTLE_mean_rank': 40.87300109863281, 'val_loss': 5.087006568908691, 'train_loss': 5.104803754928264, 'epoch': 96}
Epoch 97/500, Loss: 5.1034
START VALIDATION ON COCO AND TURTLE (MIXED) DATASET
{'COCO_TURTLE_R@1': 0.38233333826065063, 'COCO_TURTLE_R@5': 0.4983333349227905, 'COCO_TURTLE_R@10': 0.5989999771118164, 'COCO_TURTLE_mean_rank': 38.06533432006836, 'val_loss': 5.083025773366292, 'train_loss': 5.1033705853401345, 'epoch': 97}
Epoch 98/500, Loss: 5.1040
START VALIDATION ON COCO AND TURTLE (MIXED) DATASET
{'COCO_TURTLE_R@1': 0.3816666603088379, 'COCO_TURTLE_R@5': 0.4963333308696747, 'COCO_TURTLE_R@10': 0.5913333296775818, 'COCO_TURTLE_mean_rank': 38.82533264160156, 'val_loss': 5.082660516103108, 'train_loss': 5.103984528399528, 'epoch': 98}
Epoch 99/500, Loss: 5.1055
START VALIDATION ON COCO AND TURTLE (MIXED) DATASET
{'COCO_TURTLE_R@1': 0.3790000081062317, 'COCO_TURTLE_R@5': 0.4909999966621399, 'COCO_TURTLE_R@10': 0.5870000123977661, 'COCO_TURTLE_mean_rank': 49.345333099365234, 'val_loss': 5.086507320404053, 'train_loss': 5.105460724932082, 'epoch': 99}
Epoch 100/500, Loss: 5.1039
START VALIDATION ON COCO AND TURTLE (MIXED) DATASET
{'COCO_TURTLE_R@1': 0.3813333213329315, 'COCO_TURTLE_R@5': 0.5026666522026062, 'COCO_TURTLE_R@10': 0.5946666598320007, 'COCO_TURTLE_mean_rank': 40.0989990234375, 'val_loss': 5.086636861165364, 'train_loss': 5.103876611019703, 'epoch': 100}
Epoch 101/500, Loss: 5.1029
START VALIDATION ON COCO AND TURTLE (MIXED) DATASET
{'COCO_TURTLE_R@1': 0.38099998235702515, 'COCO_TURTLE_R@5': 0.5046666860580444, 'COCO_TURTLE_R@10': 0.5929999947547913, 'COCO_TURTLE_mean_rank': 38.189998626708984, 'val_loss': 5.086694637934367, 'train_loss': 5.1028509951652365, 'epoch': 101}
Epoch 102/500, Loss: 5.1024
START VALIDATION ON COCO AND TURTLE (MIXED) DATASET
{'COCO_TURTLE_R@1': 0.3803333342075348, 'COCO_TURTLE_R@5': 0.49533331394195557, 'COCO_TURTLE_R@10': 0.5859999656677246, 'COCO_TURTLE_mean_rank': 41.04966735839844, 'val_loss': 5.088070392608643, 'train_loss': 5.102449396823315, 'epoch': 102}
Epoch 103/500, Loss: 5.1026
START VALIDATION ON COCO AND TURTLE (MIXED) DATASET
{'COCO_TURTLE_R@1': 0.3840000033378601, 'COCO_TURTLE_R@5': 0.4986666738986969, 'COCO_TURTLE_R@10': 0.5933333039283752, 'COCO_TURTLE_mean_rank': 39.73099899291992, 'val_loss': 5.089121500651042, 'train_loss': 5.10262191041987, 'epoch': 103}
Epoch 104/500, Loss: 5.1023
START VALIDATION ON COCO AND TURTLE (MIXED) DATASET
{'COCO_TURTLE_R@1': 0.3856666684150696, 'COCO_TURTLE_R@5': 0.5040000081062317, 'COCO_TURTLE_R@10': 0.5946666598320007, 'COCO_TURTLE_mean_rank': 40.56966781616211, 'val_loss': 5.086748361587524, 'train_loss': 5.102317789767651, 'epoch': 104}
Epoch 105/500, Loss: 5.1018
START VALIDATION ON COCO AND TURTLE (MIXED) DATASET
{'COCO_TURTLE_R@1': 0.3876666724681854, 'COCO_TURTLE_R@5': 0.5043333172798157, 'COCO_TURTLE_R@10': 0.5953333377838135, 'COCO_TURTLE_mean_rank': 38.77399826049805, 'val_loss': 5.089006344477336, 'train_loss': 5.101820245702216, 'epoch': 105}
Epoch 106/500, Loss: 5.1018
START VALIDATION ON COCO AND TURTLE (MIXED) DATASET
{'COCO_TURTLE_R@1': 0.3813333213329315, 'COCO_TURTLE_R@5': 0.5056666731834412, 'COCO_TURTLE_R@10': 0.5973333120346069, 'COCO_TURTLE_mean_rank': 39.04366683959961, 'val_loss': 5.088014443715413, 'train_loss': 5.10181391492803, 'epoch': 106}
Epoch 107/500, Loss: 5.1008
START VALIDATION ON COCO AND TURTLE (MIXED) DATASET
{'COCO_TURTLE_R@1': 0.38733333349227905, 'COCO_TURTLE_R@5': 0.5040000081062317, 'COCO_TURTLE_R@10': 0.6023333072662354, 'COCO_TURTLE_mean_rank': 39.817665100097656, 'val_loss': 5.084942022959392, 'train_loss': 5.10081001038247, 'epoch': 107}
Epoch 108/500, Loss: 5.1012
START VALIDATION ON COCO AND TURTLE (MIXED) DATASET
{'COCO_TURTLE_R@1': 0.3840000033378601, 'COCO_TURTLE_R@5': 0.5040000081062317, 'COCO_TURTLE_R@10': 0.5966666340827942, 'COCO_TURTLE_mean_rank': 39.08433151245117, 'val_loss': 5.086049238840739, 'train_loss': 5.1012382000050644, 'epoch': 108}
Epoch 109/500, Loss: 5.1012
START VALIDATION ON COCO AND TURTLE (MIXED) DATASET
{'COCO_TURTLE_R@1': 0.38366666436195374, 'COCO_TURTLE_R@5': 0.49966666102409363, 'COCO_TURTLE_R@10': 0.5966666340827942, 'COCO_TURTLE_mean_rank': 39.12699890136719, 'val_loss': 5.088829755783081, 'train_loss': 5.101161449513537, 'epoch': 109}
Epoch 110/500, Loss: 5.1007
START VALIDATION ON COCO AND TURTLE (MIXED) DATASET
{'COCO_TURTLE_R@1': 0.3840000033378601, 'COCO_TURTLE_R@5': 0.4986666738986969, 'COCO_TURTLE_R@10': 0.5896666646003723, 'COCO_TURTLE_mean_rank': 40.138668060302734, 'val_loss': 5.081111113230388, 'train_loss': 5.100703442350347, 'epoch': 110}
Best model saved at 110 with val_loss 5.0811
Epoch 111/500, Loss: 5.1003
START VALIDATION ON COCO AND TURTLE (MIXED) DATASET
{'COCO_TURTLE_R@1': 0.38366666436195374, 'COCO_TURTLE_R@5': 0.5066666603088379, 'COCO_TURTLE_R@10': 0.5996666550636292, 'COCO_TURTLE_mean_rank': 40.06533432006836, 'val_loss': 5.087420145670573, 'train_loss': 5.100285793872589, 'epoch': 111}
Epoch 112/500, Loss: 5.0996
START VALIDATION ON COCO AND TURTLE (MIXED) DATASET
{'COCO_TURTLE_R@1': 0.38466665148735046, 'COCO_TURTLE_R@5': 0.5016666650772095, 'COCO_TURTLE_R@10': 0.5943333506584167, 'COCO_TURTLE_mean_rank': 39.94133377075195, 'val_loss': 5.087297280629476, 'train_loss': 5.099615401410042, 'epoch': 112}
Epoch 113/500, Loss: 5.0988
START VALIDATION ON COCO AND TURTLE (MIXED) DATASET
{'COCO_TURTLE_R@1': 0.3853333294391632, 'COCO_TURTLE_R@5': 0.5006666779518127, 'COCO_TURTLE_R@10': 0.593999981880188, 'COCO_TURTLE_mean_rank': 39.40800094604492, 'val_loss': 5.086320241292317, 'train_loss': 5.098821234195791, 'epoch': 113}
Epoch 114/500, Loss: 5.0988
START VALIDATION ON COCO AND TURTLE (MIXED) DATASET
{'COCO_TURTLE_R@1': 0.3853333294391632, 'COCO_TURTLE_R@5': 0.5006666779518127, 'COCO_TURTLE_R@10': 0.5946666598320007, 'COCO_TURTLE_mean_rank': 40.17300033569336, 'val_loss': 5.087693055470784, 'train_loss': 5.098761132422914, 'epoch': 114}
Epoch 115/500, Loss: 5.0991
START VALIDATION ON COCO AND TURTLE (MIXED) DATASET
{'COCO_TURTLE_R@1': 0.38499999046325684, 'COCO_TURTLE_R@5': 0.5073333382606506, 'COCO_TURTLE_R@10': 0.597000002861023, 'COCO_TURTLE_mean_rank': 39.97999954223633, 'val_loss': 5.083630402882894, 'train_loss': 5.099139568653513, 'epoch': 115}
Epoch 116/500, Loss: 5.0983
START VALIDATION ON COCO AND TURTLE (MIXED) DATASET
{'COCO_TURTLE_R@1': 0.38499999046325684, 'COCO_TURTLE_R@5': 0.5006666779518127, 'COCO_TURTLE_R@10': 0.5923333168029785, 'COCO_TURTLE_mean_rank': 40.19233322143555, 'val_loss': 5.086447397867839, 'train_loss': 5.09832071750722, 'epoch': 116}
Epoch 117/500, Loss: 5.0991
START VALIDATION ON COCO AND TURTLE (MIXED) DATASET
{'COCO_TURTLE_R@1': 0.38466665148735046, 'COCO_TURTLE_R@5': 0.49533331394195557, 'COCO_TURTLE_R@10': 0.5786666870117188, 'COCO_TURTLE_mean_rank': 44.551666259765625, 'val_loss': 5.090589602788289, 'train_loss': 5.0991281752890725, 'epoch': 117}
Epoch 118/500, Loss: 5.0983
START VALIDATION ON COCO AND TURTLE (MIXED) DATASET
{'COCO_TURTLE_R@1': 0.3840000033378601, 'COCO_TURTLE_R@5': 0.5, 'COCO_TURTLE_R@10': 0.5859999656677246, 'COCO_TURTLE_mean_rank': 44.634666442871094, 'val_loss': 5.090280930201213, 'train_loss': 5.098294390008805, 'epoch': 118}
Epoch 119/500, Loss: 5.0975
START VALIDATION ON COCO AND TURTLE (MIXED) DATASET
{'COCO_TURTLE_R@1': 0.3853333294391632, 'COCO_TURTLE_R@5': 0.5009999871253967, 'COCO_TURTLE_R@10': 0.5893333554267883, 'COCO_TURTLE_mean_rank': 41.26466751098633, 'val_loss': 5.086087306340535, 'train_loss': 5.097490178777816, 'epoch': 119}
Epoch 120/500, Loss: 5.0974
START VALIDATION ON COCO AND TURTLE (MIXED) DATASET
{'COCO_TURTLE_R@1': 0.3853333294391632, 'COCO_TURTLE_R@5': 0.4973333179950714, 'COCO_TURTLE_R@10': 0.5873333215713501, 'COCO_TURTLE_mean_rank': 43.000999450683594, 'val_loss': 5.087766806284587, 'train_loss': 5.097351956874766, 'epoch': 120}
Epoch 121/500, Loss: 5.0975
START VALIDATION ON COCO AND TURTLE (MIXED) DATASET
{'COCO_TURTLE_R@1': 0.38466665148735046, 'COCO_TURTLE_R@5': 0.4973333179950714, 'COCO_TURTLE_R@10': 0.5899999737739563, 'COCO_TURTLE_mean_rank': 42.176334381103516, 'val_loss': 5.087784608205159, 'train_loss': 5.097507994225684, 'epoch': 121}
Epoch 122/500, Loss: 5.0959
START VALIDATION ON COCO AND TURTLE (MIXED) DATASET
{'COCO_TURTLE_R@1': 0.3843333423137665, 'COCO_TURTLE_R@5': 0.49933332204818726, 'COCO_TURTLE_R@10': 0.5899999737739563, 'COCO_TURTLE_mean_rank': 44.42766571044922, 'val_loss': 5.089685678482056, 'train_loss': 5.095851867756945, 'epoch': 122}
Epoch 123/500, Loss: 5.0954
START VALIDATION ON COCO AND TURTLE (MIXED) DATASET
{'COCO_TURTLE_R@1': 0.38366666436195374, 'COCO_TURTLE_R@5': 0.5043333172798157, 'COCO_TURTLE_R@10': 0.5896666646003723, 'COCO_TURTLE_mean_rank': 42.83766555786133, 'val_loss': 5.088889042536418, 'train_loss': 5.095386160180924, 'epoch': 123}
Epoch 124/500, Loss: 5.0966
START VALIDATION ON COCO AND TURTLE (MIXED) DATASET
{'COCO_TURTLE_R@1': 0.3876666724681854, 'COCO_TURTLE_R@5': 0.4970000088214874, 'COCO_TURTLE_R@10': 0.5870000123977661, 'COCO_TURTLE_mean_rank': 42.3206672668457, 'val_loss': 5.089972734451294, 'train_loss': 5.096602622498858, 'epoch': 124}
Epoch 125/500, Loss: 5.0962
START VALIDATION ON COCO AND TURTLE (MIXED) DATASET
{'COCO_TURTLE_R@1': 0.3840000033378601, 'COCO_TURTLE_R@5': 0.5009999871253967, 'COCO_TURTLE_R@10': 0.5836666822433472, 'COCO_TURTLE_mean_rank': 44.16166687011719, 'val_loss': 5.0887603759765625, 'train_loss': 5.096154943425605, 'epoch': 125}
Epoch 126/500, Loss: 5.0954
START VALIDATION ON COCO AND TURTLE (MIXED) DATASET
{'COCO_TURTLE_R@1': 0.382999986410141, 'COCO_TURTLE_R@5': 0.4936666488647461, 'COCO_TURTLE_R@10': 0.5876666307449341, 'COCO_TURTLE_mean_rank': 46.30966567993164, 'val_loss': 5.085529327392578, 'train_loss': 5.0954196706731265, 'epoch': 126}
Epoch 127/500, Loss: 5.0944
START VALIDATION ON COCO AND TURTLE (MIXED) DATASET
{'COCO_TURTLE_R@1': 0.38600000739097595, 'COCO_TURTLE_R@5': 0.49666666984558105, 'COCO_TURTLE_R@10': 0.5793333053588867, 'COCO_TURTLE_mean_rank': 43.237667083740234, 'val_loss': 5.087677001953125, 'train_loss': 5.094395941876351, 'epoch': 127}
Epoch 128/500, Loss: 5.0935
START VALIDATION ON COCO AND TURTLE (MIXED) DATASET
{'COCO_TURTLE_R@1': 0.3843333423137665, 'COCO_TURTLE_R@5': 0.49799999594688416, 'COCO_TURTLE_R@10': 0.5916666388511658, 'COCO_TURTLE_mean_rank': 43.22999954223633, 'val_loss': 5.090557893117269, 'train_loss': 5.093534368149777, 'epoch': 128}
Epoch 129/500, Loss: 5.0944
START VALIDATION ON COCO AND TURTLE (MIXED) DATASET
{'COCO_TURTLE_R@1': 0.38066667318344116, 'COCO_TURTLE_R@5': 0.4959999918937683, 'COCO_TURTLE_R@10': 0.5833333134651184, 'COCO_TURTLE_mean_rank': 44.79100036621094, 'val_loss': 5.088314771652222, 'train_loss': 5.09436531269804, 'epoch': 129}
Epoch 130/500, Loss: 5.0949
START VALIDATION ON COCO AND TURTLE (MIXED) DATASET
{'COCO_TURTLE_R@1': 0.382666677236557, 'COCO_TURTLE_R@5': 0.4976666569709778, 'COCO_TURTLE_R@10': 0.5799999833106995, 'COCO_TURTLE_mean_rank': 44.61866760253906, 'val_loss': 5.091734409332275, 'train_loss': 5.094919772858315, 'epoch': 130}
